<?xml version="1.0" encoding="UTF-8"?>
<!-- Generated by org.testng.reporters.JUnitReportReporter -->
<testsuite hostname="LAPTOP-2EUUN60H" failures="0" tests="1" name="com.RestAssuredUdemyRS.SumValidation" time="1.509" errors="0" timestamp="2024-06-24T22:05:26 IST" skipped="0">
  <testcase classname="com.RestAssuredUdemyRS.SumValidation" name="sumOfCourses" time="1.509"/>
  <system-out/>
</testsuite> <!-- com.RestAssuredUdemyRS.SumValidation -->
