<?xml version="1.0" encoding="UTF-8"?>
<!-- Generated by org.testng.reporters.JUnitReportReporter -->
<testsuite hostname="LAPTOP-2EUUN60H" failures="0" tests="3" name="files.DynamicJson" time="2.281" errors="0" timestamp="2024-06-25T22:19:57 IST" skipped="0">
  <testcase classname="files.DynamicJson" name="addBook" time="0.138"/>
  <system-out/>
  <testcase classname="files.DynamicJson" name="addBook" time="0.173"/>
  <system-out/>
  <testcase classname="files.DynamicJson" name="addBook" time="1.970"/>
  <system-out/>
</testsuite> <!-- files.DynamicJson -->
